<?xml version="1.0" encoding="UTF-8"?>
<testng-results skipped="0" failed="0" ignored="0" total="1" passed="1">
  <reporter-output>
  </reporter-output>
  <suite name="Surefire suite" duration-ms="105" started-at="2019-04-07T11:18:02Z" finished-at="2019-04-07T11:18:02Z">
    <groups>
    </groups>
    <test name="Surefire test" duration-ms="105" started-at="2019-04-07T11:18:02Z" finished-at="2019-04-07T11:18:02Z">
      <class name="testPackage.AppTest">
        <test-method status="PASS" signature="shouldAnswerWithTrue()[pri:0, instance:testPackage.AppTest@59a6e353]" name="shouldAnswerWithTrue" duration-ms="25" started-at="2019-04-07T16:48:02Z" finished-at="2019-04-07T16:48:02Z">
          <reporter-output>
          </reporter-output>
        </test-method> <!-- shouldAnswerWithTrue -->
      </class> <!-- testPackage.AppTest -->
    </test> <!-- Surefire test -->
  </suite> <!-- Surefire suite -->
</testng-results>
